<?xml version="1.0" encoding="UTF-8"?>
<testsuite name="pt.isel.pc.sequences1.LoomGeneratorTestsJava" tests="1" skipped="0" failures="0" errors="0" timestamp="2024-04-21T18:14:41" hostname="CEIRA" time="3.52">
  <properties/>
  <testcase name="hanoiTowerGeneratorTest()" classname="pt.isel.pc.sequences1.LoomGeneratorTestsJava" time="3.52"/>
  <system-out><![CDATA[hanoiTowerGeneratorTest done in 3495millis
]]></system-out>
  <system-err><![CDATA[]]></system-err>
</testsuite>
