<?xml version="1.0" encoding="UTF-8"?>
<testsuite name="pt.isel.pc.LoomGeneratorTestsKotlin" tests="2" skipped="0" failures="0" errors="0" timestamp="2024-04-16T09:55:01" hostname="CEIRA" time="0.102">
  <properties/>
  <testcase name="my sequence test()" classname="pt.isel.pc.LoomGeneratorTestsKotlin" time="0.023"/>
  <testcase name="hanoi tower generator test()" classname="pt.isel.pc.LoomGeneratorTestsKotlin" time="0.077"/>
  <system-out><![CDATA[2
4
6
8
10
12
14
16
18
20
22
24
26
28
30
32
34
36
38
40
2
4
6
8
10
12
14
16
18
20
22
24
26
28
30
32
34
36
38
40
1: A to C
2: A to B
3: C to B
4: A to C
5: B to A
6: B to C
7: A to C
8: A to B
9: C to B
10: C to A
11: B to A
12: C to B
13: A to C
14: A to B
15: C to B
16: A to C
17: B to A
18: B to C
19: A to C
20: B to A
21: C to B
22: C to A
23: B to A
24: B to C
25: A to C
26: A to B
27: C to B
28: A to C
29: B to A
30: B to C
31: A to C
32: A to B
33: C to B
34: C to A
35: B to A
36: C to B
37: A to C
38: A to B
39: C to B
40: C to A
41: B to A
42: B to C
43: A to C
44: B to A
45: C to B
46: C to A
47: B to A
48: C to B
49: A to C
50: A to B
51: C to B
52: A to C
53: B to A
54: B to C
55: A to C
56: A to B
57: C to B
58: C to A
59: B to A
60: C to B
61: A to C
62: A to B
63: C to B
64: A to C
65: B to A
66: B to C
67: A to C
68: B to A
69: C to B
70: C to A
71: B to A
72: B to C
73: A to C
74: A to B
75: C to B
76: A to C
77: B to A
78: B to C
79: A to C
80: B to A
81: C to B
82: C to A
83: B to A
84: C to B
85: A to C
86: A to B
87: C to B
88: C to A
89: B to A
90: B to C
91: A to C
92: B to A
93: C to B
94: C to A
95: B to A
96: B to C
97: A to C
98: A to B
99: C to B
100: A to C
101: B to A
102: B to C
103: A to C
104: A to B
105: C to B
106: C to A
107: B to A
108: C to B
109: A to C
110: A to B
111: C to B
112: A to C
113: B to A
114: B to C
115: A to C
116: B to A
117: C to B
118: C to A
119: B to A
120: B to C
121: A to C
122: A to B
123: C to B
124: A to C
125: B to A
126: B to C
127: A to C
128: A to B
129: C to B
130: C to A
131: B to A
132: C to B
133: A to C
134: A to B
135: C to B
136: C to A
137: B to A
138: B to C
139: A to C
140: B to A
141: C to B
142: C to A
143: B to A
144: C to B
145: A to C
146: A to B
147: C to B
148: A to C
149: B to A
150: B to C
151: A to C
152: A to B
153: C to B
154: C to A
155: B to A
156: C to B
157: A to C
158: A to B
159: C to B
160: C to A
161: B to A
162: B to C
163: A to C
164: B to A
165: C to B
166: C to A
167: B to A
168: B to C
169: A to C
170: A to B
171: C to B
172: A to C
173: B to A
174: B to C
175: A to C
176: B to A
177: C to B
178: C to A
179: B to A
180: C to B
181: A to C
182: A to B
183: C to B
184: C to A
185: B to A
186: B to C
187: A to C
188: B to A
189: C to B
190: C to A
191: B to A
192: C to B
193: A to C
194: A to B
195: C to B
196: A to C
197: B to A
198: B to C
199: A to C
200: A to B
201: C to B
202: C to A
203: B to A
204: C to B
205: A to C
206: A to B
207: C to B
208: A to C
209: B to A
210: B to C
211: A to C
212: B to A
213: C to B
214: C to A
215: B to A
216: B to C
217: A to C
218: A to B
219: C to B
220: A to C
221: B to A
222: B to C
223: A to C
224: A to B
225: C to B
226: C to A
227: B to A
228: C to B
229: A to C
230: A to B
231: C to B
232: C to A
233: B to A
234: B to C
235: A to C
236: B to A
237: C to B
238: C to A
239: B to A
240: C to B
241: A to C
242: A to B
243: C to B
244: A to C
245: B to A
246: B to C
247: A to C
248: A to B
249: C to B
250: C to A
251: B to A
252: C to B
253: A to C
254: A to B
255: C to B
256: A to C
257: B to A
258: B to C
259: A to C
260: B to A
261: C to B
262: C to A
263: B to A
264: B to C
265: A to C
266: A to B
267: C to B
268: A to C
269: B to A
270: B to C
271: A to C
272: B to A
273: C to B
274: C to A
275: B to A
276: C to B
277: A to C
278: A to B
279: C to B
280: C to A
281: B to A
282: B to C
283: A to C
284: B to A
285: C to B
286: C to A
287: B to A
288: B to C
289: A to C
290: A to B
291: C to B
292: A to C
293: B to A
294: B to C
295: A to C
296: A to B
297: C to B
298: C to A
299: B to A
300: C to B
301: A to C
302: A to B
303: C to B
304: A to C
305: B to A
306: B to C
307: A to C
308: B to A
309: C to B
310: C to A
311: B to A
312: B to C
313: A to C
314: A to B
315: C to B
316: A to C
317: B to A
318: B to C
319: A to C
320: B to A
321: C to B
322: C to A
323: B to A
324: C to B
325: A to C
326: A to B
327: C to B
328: C to A
329: B to A
330: B to C
331: A to C
332: B to A
333: C to B
334: C to A
335: B to A
336: C to B
337: A to C
338: A to B
339: C to B
340: A to C
341: B to A
342: B to C
343: A to C
344: A to B
345: C to B
346: C to A
347: B to A
348: C to B
349: A to C
350: A to B
351: C to B
352: C to A
353: B to A
354: B to C
355: A to C
356: B to A
357: C to B
358: C to A
359: B to A
360: B to C
361: A to C
362: A to B
363: C to B
364: A to C
365: B to A
366: B to C
367: A to C
368: B to A
369: C to B
370: C to A
371: B to A
372: C to B
373: A to C
374: A to B
375: C to B
376: C to A
377: B to A
378: B to C
379: A to C
380: B to A
381: C to B
382: C to A
383: B to A
384: B to C
385: A to C
386: A to B
387: C to B
388: A to C
389: B to A
390: B to C
391: A to C
392: A to B
393: C to B
394: C to A
395: B to A
396: C to B
397: A to C
398: A to B
399: C to B
400: A to C
401: B to A
402: B to C
403: A to C
404: B to A
405: C to B
406: C to A
407: B to A
408: B to C
409: A to C
410: A to B
411: C to B
412: A to C
413: B to A
414: B to C
415: A to C
416: A to B
417: C to B
418: C to A
419: B to A
420: C to B
421: A to C
422: A to B
423: C to B
424: C to A
425: B to A
426: B to C
427: A to C
428: B to A
429: C to B
430: C to A
431: B to A
432: C to B
433: A to C
434: A to B
435: C to B
436: A to C
437: B to A
438: B to C
439: A to C
440: A to B
441: C to B
442: C to A
443: B to A
444: C to B
445: A to C
446: A to B
447: C to B
448: A to C
449: B to A
450: B to C
451: A to C
452: B to A
453: C to B
454: C to A
455: B to A
456: B to C
457: A to C
458: A to B
459: C to B
460: A to C
461: B to A
462: B to C
463: A to C
464: B to A
465: C to B
466: C to A
467: B to A
468: C to B
469: A to C
470: A to B
471: C to B
472: C to A
473: B to A
474: B to C
475: A to C
476: B to A
477: C to B
478: C to A
479: B to A
480: B to C
481: A to C
482: A to B
483: C to B
484: A to C
485: B to A
486: B to C
487: A to C
488: A to B
489: C to B
490: C to A
491: B to A
492: C to B
493: A to C
494: A to B
495: C to B
496: A to C
497: B to A
498: B to C
499: A to C
500: B to A
501: C to B
502: C to A
503: B to A
504: B to C
505: A to C
506: A to B
507: C to B
508: A to C
509: B to A
510: B to C
511: A to C
512: A to B
513: C to B
514: C to A
515: B to A
516: C to B
517: A to C
518: A to B
519: C to B
520: C to A
521: B to A
522: B to C
523: A to C
524: B to A
525: C to B
526: C to A
527: B to A
528: C to B
529: A to C
530: A to B
531: C to B
532: A to C
533: B to A
534: B to C
535: A to C
536: A to B
537: C to B
538: C to A
539: B to A
540: C to B
541: A to C
542: A to B
543: C to B
544: C to A
545: B to A
546: B to C
547: A to C
548: B to A
549: C to B
550: C to A
551: B to A
552: B to C
553: A to C
554: A to B
555: C to B
556: A to C
557: B to A
558: B to C
559: A to C
560: B to A
561: C to B
562: C to A
563: B to A
564: C to B
565: A to C
566: A to B
567: C to B
568: C to A
569: B to A
570: B to C
571: A to C
572: B to A
573: C to B
574: C to A
575: B to A
576: C to B
577: A to C
578: A to B
579: C to B
580: A to C
581: B to A
582: B to C
583: A to C
584: A to B
585: C to B
586: C to A
587: B to A
588: C to B
589: A to C
590: A to B
591: C to B
592: A to C
593: B to A
594: B to C
595: A to C
596: B to A
597: C to B
598: C to A
599: B to A
600: B to C
601: A to C
602: A to B
603: C to B
604: A to C
605: B to A
606: B to C
607: A to C
608: A to B
609: C to B
610: C to A
611: B to A
612: C to B
613: A to C
614: A to B
615: C to B
616: C to A
617: B to A
618: B to C
619: A to C
620: B to A
621: C to B
622: C to A
623: B to A
624: C to B
625: A to C
626: A to B
627: C to B
628: A to C
629: B to A
630: B to C
631: A to C
632: A to B
633: C to B
634: C to A
635: B to A
636: C to B
637: A to C
638: A to B
639: C to B
640: C to A
641: B to A
642: B to C
643: A to C
644: B to A
645: C to B
646: C to A
647: B to A
648: B to C
649: A to C
650: A to B
651: C to B
652: A to C
653: B to A
654: B to C
655: A to C
656: B to A
657: C to B
658: C to A
659: B to A
660: C to B
661: A to C
662: A to B
663: C to B
664: C to A
665: B to A
666: B to C
667: A to C
668: B to A
669: C to B
670: C to A
671: B to A
672: B to C
673: A to C
674: A to B
675: C to B
676: A to C
677: B to A
678: B to C
679: A to C
680: A to B
681: C to B
682: C to A
683: B to A
684: C to B
685: A to C
686: A to B
687: C to B
688: A to C
689: B to A
690: B to C
691: A to C
692: B to A
693: C to B
694: C to A
695: B to A
696: B to C
697: A to C
698: A to B
699: C to B
700: A to C
701: B to A
702: B to C
703: A to C
704: B to A
705: C to B
706: C to A
707: B to A
708: C to B
709: A to C
710: A to B
711: C to B
712: C to A
713: B to A
714: B to C
715: A to C
716: B to A
717: C to B
718: C to A
719: B to A
720: C to B
721: A to C
722: A to B
723: C to B
724: A to C
725: B to A
726: B to C
727: A to C
728: A to B
729: C to B
730: C to A
731: B to A
732: C to B
733: A to C
734: A to B
735: C to B
736: C to A
737: B to A
738: B to C
739: A to C
740: B to A
741: C to B
742: C to A
743: B to A
744: B to C
745: A to C
746: A to B
747: C to B
748: A to C
749: B to A
750: B to C
751: A to C
752: B to A
753: C to B
754: C to A
755: B to A
756: C to B
757: A to C
758: A to B
759: C to B
760: C to A
761: B to A
762: B to C
763: A to C
764: B to A
765: C to B
766: C to A
767: B to A
768: C to B
769: A to C
770: A to B
771: C to B
772: A to C
773: B to A
774: B to C
775: A to C
776: A to B
777: C to B
778: C to A
779: B to A
780: C to B
781: A to C
782: A to B
783: C to B
784: A to C
785: B to A
786: B to C
787: A to C
788: B to A
789: C to B
790: C to A
791: B to A
792: B to C
793: A to C
794: A to B
795: C to B
796: A to C
797: B to A
798: B to C
799: A to C
800: A to B
801: C to B
802: C to A
803: B to A
804: C to B
805: A to C
806: A to B
807: C to B
808: C to A
809: B to A
810: B to C
811: A to C
812: B to A
813: C to B
814: C to A
815: B to A
816: C to B
817: A to C
818: A to B
819: C to B
820: A to C
821: B to A
822: B to C
823: A to C
824: A to B
825: C to B
826: C to A
827: B to A
828: C to B
829: A to C
830: A to B
831: C to B
832: A to C
833: B to A
834: B to C
835: A to C
836: B to A
837: C to B
838: C to A
839: B to A
840: B to C
841: A to C
842: A to B
843: C to B
844: A to C
845: B to A
846: B to C
847: A to C
848: B to A
849: C to B
850: C to A
851: B to A
852: C to B
853: A to C
854: A to B
855: C to B
856: C to A
857: B to A
858: B to C
859: A to C
860: B to A
861: C to B
862: C to A
863: B to A
864: B to C
865: A to C
866: A to B
867: C to B
868: A to C
869: B to A
870: B to C
871: A to C
872: A to B
873: C to B
874: C to A
875: B to A
876: C to B
877: A to C
878: A to B
879: C to B
880: A to C
881: B to A
882: B to C
883: A to C
884: B to A
885: C to B
886: C to A
887: B to A
888: B to C
889: A to C
890: A to B
891: C to B
892: A to C
893: B to A
894: B to C
895: A to C
896: A to B
897: C to B
898: C to A
899: B to A
900: C to B
901: A to C
902: A to B
903: C to B
904: C to A
905: B to A
906: B to C
907: A to C
908: B to A
909: C to B
910: C to A
911: B to A
912: C to B
913: A to C
914: A to B
915: C to B
916: A to C
917: B to A
918: B to C
919: A to C
920: A to B
921: C to B
922: C to A
923: B to A
924: C to B
925: A to C
926: A to B
927: C to B
928: C to A
929: B to A
930: B to C
931: A to C
932: B to A
933: C to B
934: C to A
935: B to A
936: B to C
937: A to C
938: A to B
939: C to B
940: A to C
941: B to A
942: B to C
943: A to C
944: B to A
945: C to B
946: C to A
947: B to A
948: C to B
949: A to C
950: A to B
951: C to B
952: C to A
953: B to A
954: B to C
955: A to C
956: B to A
957: C to B
958: C to A
959: B to A
960: C to B
961: A to C
962: A to B
963: C to B
964: A to C
965: B to A
966: B to C
967: A to C
968: A to B
969: C to B
970: C to A
971: B to A
972: C to B
973: A to C
974: A to B
975: C to B
976: A to C
977: B to A
978: B to C
979: A to C
980: B to A
981: C to B
982: C to A
983: B to A
984: B to C
985: A to C
986: A to B
987: C to B
988: A to C
989: B to A
990: B to C
991: A to C
992: A to B
993: C to B
994: C to A
995: B to A
996: C to B
997: A to C
998: A to B
999: C to B
1000: C to A
1001: B to A
1002: B to C
1003: A to C
1004: B to A
1005: C to B
1006: C to A
1007: B to A
1008: C to B
1009: A to C
1010: A to B
1011: C to B
1012: A to C
1013: B to A
1014: B to C
1015: A to C
1016: A to B
1017: C to B
1018: C to A
1019: B to A
1020: C to B
1021: A to C
1022: A to B
1023: C to B
]]></system-out>
  <system-err><![CDATA[]]></system-err>
</testsuite>
